<?xml version="1.0" encoding="UTF-8"?>
<!-- Generated by org.testng.reporters.JUnitXMLReporter -->
<testsuite ignored="0" hostname="DESKTOP-I7U672O" failures="0" tests="4" name="Test" time="0.248" errors="0" timestamp="2023-04-01T09:13:57 IST">
  <testcase classname="PracticePackage.Demo3" name="Test_3" time="0.031"/>
  <testcase classname="PracticePackage.Demo2" name="Test_2" time="0.006"/>
  <testcase classname="PracticePackage.Demo1" name="Test_1" time="0.008"/>
  <testcase classname="PracticePackage.Demo4" name="Test_4" time="0.011"/>
</testsuite> <!-- Test -->
